Using pre-set license
Built from '2020.3/release' branch; Version is '2020.3.1f1 (77a89f25062f) revision 7841951'; Using compiler version '192528614'; Build Type 'Release'
OS: 'Windows 10 Home Single Language; OS build 19042.985; Version 2009; 64bit' Language: 'en' Physical Memory: 16235 MB
BatchMode: 1, IsHumanControllingUs: 0, StartBugReporterOnCrash: 0, Is64bit: 1, IsPro: 0

 COMMAND LINE ARGUMENTS:
C:\Program Files\Unity\Hub\Editor\2020.3.1f1\Editor\Unity.exe
-adb2
-batchMode
-noUpm
-name
AssetImportWorker0
-projectPath
C:/Users/Titan/Desktop/master_ducktective-core_gameplay
-logFile
Logs/AssetImportWorker0.log
-srvPort
61344
Successfully changed project path to: C:/Users/Titan/Desktop/master_ducktective-core_gameplay
C:/Users/Titan/Desktop/master_ducktective-core_gameplay
Using Asset Import Pipeline V2.
Refreshing native plugins compatible for Editor in 61.23 ms, found 0 plugins.
Preloading 0 native plugins for Editor in 0.00 ms.
Initialize engine version: 2020.3.1f1 (77a89f25062f)
[Subsystems] Discovering subsystems at path C:/Program Files/Unity/Hub/Editor/2020.3.1f1/Editor/Data/Resources/UnitySubsystems
[Subsystems] Discovering subsystems at path C:/Users/Titan/Desktop/master_ducktective-core_gameplay/Assets
GfxDevice: creating device client; threaded=0
Direct3D:
    Version:  Direct3D 11.0 [level 11.1]
    Renderer: Intel(R) UHD Graphics 620 (ID=0x3ea0)
    Vendor:   
    VRAM:     8117 MB
    Driver:   27.20.100.8681
Initialize mono
Mono path[0] = 'C:/Program Files/Unity/Hub/Editor/2020.3.1f1/Editor/Data/Managed'
Mono path[1] = 'C:/Program Files/Unity/Hub/Editor/2020.3.1f1/Editor/Data/MonoBleedingEdge/lib/mono/unityjit'
Mono config path = 'C:/Program Files/Unity/Hub/Editor/2020.3.1f1/Editor/Data/MonoBleedingEdge/etc'
Using monoOptions --debugger-agent=transport=dt_socket,embedding=1,server=y,suspend=n,address=127.0.0.1:56216
Begin MonoManager ReloadAssembly
Registering precompiled unity dll's ...
Register platform support module: C:/Program Files/Unity/Hub/Editor/2020.3.1f1/Editor/Data/PlaybackEngines/WindowsStandaloneSupport/UnityEditor.WindowsStandalone.Extensions.dll
Registered in 0.002379 seconds.
Native extension for WindowsStandalone target not found
Refreshing native plugins compatible for Editor in 26.60 ms, found 0 plugins.
Preloading 0 native plugins for Editor in 0.00 ms.
Invoked RoslynAnalysisRunner static constructor.
RoslynAnalysisRunner will not be running.
RoslynAnalysisRunner has terminated.
Mono: successfully reloaded assembly
- Completed reload, in  1.196 seconds
Platform modules already initialized, skipping
Registering precompiled user dll's ...
Registered in 0.000811 seconds.
Begin MonoManager ReloadAssembly
Native extension for WindowsStandalone target not found
Refreshing native plugins compatible for Editor in 1.56 ms, found 0 plugins.
Preloading 0 native plugins for Editor in 0.00 ms.
Invoked RoslynAnalysisRunner static constructor.
RoslynAnalysisRunner will not be running.
RoslynAnalysisRunner has terminated.
Mono: successfully reloaded assembly
- Completed reload, in  0.924 seconds
Platform modules already initialized, skipping
========================================================================
Worker process is ready to serve import requests
Launched and connected shader compiler UnityShaderCompiler.exe after 0.05 seconds
Refreshing native plugins compatible for Editor in 0.29 ms, found 0 plugins.
Preloading 0 native plugins for Editor in 0.00 ms.
Unloading 1266 Unused Serialized files (Serialized files now loaded: 0)
System memory in use before: 74.1 MB.
System memory in use after: 74.2 MB.

Unloading 11 unused Assets to reduce memory usage. Loaded Objects now: 1726.
Total: 2.175900 ms (FindLiveObjects: 0.182500 ms CreateObjectMapping: 0.046900 ms MarkObjects: 1.851900 ms  DeleteObjects: 0.092800 ms)

========================================================================
Received Import Request.
  path: Assets/New Terrain.asset
  artifactKey: Guid(d2f3d3f031f64394b9415f99cff85751) Importer(815301076,1909f56bfc062723c751e8b465ee728b)
Start importing Assets/New Terrain.asset using Guid(d2f3d3f031f64394b9415f99cff85751) Importer(815301076,1909f56bfc062723c751e8b465ee728b)  -> (artifact id: '7ca036c969abc8371bbf6724e7cc4d24') in 0.079489 seconds
  Import took 0.093213 seconds .

========================================================================
Received Import Request.
  Time since last request: 0.000371 seconds.
  path: Assets/Tree.prefab
  artifactKey: Guid(00226c93db3612f42ac317d473d649a9) Importer(815301076,1909f56bfc062723c751e8b465ee728b)
Start importing Assets/Tree.prefab using Guid(00226c93db3612f42ac317d473d649a9) Importer(815301076,1909f56bfc062723c751e8b465ee728b)  -> (artifact id: 'a9d5091dae5e1936aca044eed681335e') in 13.921480 seconds
  Import took 13.925501 seconds .

========================================================================
Received Prepare
Registering precompiled user dll's ...
Registered in 0.001235 seconds.
Begin MonoManager ReloadAssembly
Native extension for WindowsStandalone target not found
Refreshing native plugins compatible for Editor in 0.24 ms, found 0 plugins.
Preloading 0 native plugins for Editor in 0.00 ms.
Invoked RoslynAnalysisRunner static constructor.
RoslynAnalysisRunner will not be running.
RoslynAnalysisRunner has terminated.
Mono: successfully reloaded assembly
- Completed reload, in  1.021 seconds
Platform modules already initialized, skipping
Refreshing native plugins compatible for Editor in 0.22 ms, found 0 plugins.
Preloading 0 native plugins for Editor in 0.00 ms.
Unloading 1260 Unused Serialized files (Serialized files now loaded: 0)
System memory in use before: 77.6 MB.
System memory in use after: 77.7 MB.

Unloading 6 unused Assets to reduce memory usage. Loaded Objects now: 1773.
Total: 2.138400 ms (FindLiveObjects: 0.128000 ms CreateObjectMapping: 0.039400 ms MarkObjects: 1.892400 ms  DeleteObjects: 0.076900 ms)

========================================================================
Received Import Request.
  Time since last request: 6.610479 seconds.
  path: Assets/ducktective project/Scripts/Player/PlayerShoot.cs
  artifactKey: Guid(3e6a7c69588d8474ca5190171fdf61f4) Importer(815301076,1909f56bfc062723c751e8b465ee728b)
Start importing Assets/ducktective project/Scripts/Player/PlayerShoot.cs using Guid(3e6a7c69588d8474ca5190171fdf61f4) Importer(815301076,1909f56bfc062723c751e8b465ee728b)  -> (artifact id: '711f11f92273756a912b2b01c2bc6619') in 0.040140 seconds
  Import took 0.042735 seconds .

========================================================================
Received Import Request.
  Time since last request: 0.000575 seconds.
  path: Assets/ducktective project/Scripts/Player/PlayerShoot.cs
  artifactKey: Guid(3e6a7c69588d8474ca5190171fdf61f4) Importer(815301076,1909f56bfc062723c751e8b465ee728b)
Start importing Assets/ducktective project/Scripts/Player/PlayerShoot.cs using Guid(3e6a7c69588d8474ca5190171fdf61f4) Importer(815301076,1909f56bfc062723c751e8b465ee728b)  -> (artifact id: '711f11f92273756a912b2b01c2bc6619') in 0.004092 seconds
  Import took 0.086266 seconds .

========================================================================
Received Import Request.
  Time since last request: 3171.286276 seconds.
  path: Assets/ducktective project/New Material.mat
  artifactKey: Guid(55426ccf7e7655b438c1b3275ab63807) Importer(815301076,1909f56bfc062723c751e8b465ee728b)
Start importing Assets/ducktective project/New Material.mat using Guid(55426ccf7e7655b438c1b3275ab63807) Importer(815301076,1909f56bfc062723c751e8b465ee728b)  -> (artifact id: 'f1ff6aa03411bb4485f1a0537d2c943a') in 1.704980 seconds
  Import took 1.817839 seconds .

========================================================================
Received Import Request.
  Time since last request: 77.401612 seconds.
  path: Assets/Tree_Textures/diffuse.png
  artifactKey: Guid(8c2cc24a01b96414ca81f4afbca93b9f) Importer(815301076,1909f56bfc062723c751e8b465ee728b)
Start importing Assets/Tree_Textures/diffuse.png using Guid(8c2cc24a01b96414ca81f4afbca93b9f) Importer(815301076,1909f56bfc062723c751e8b465ee728b)  -> (artifact id: '6ae27b60f5cdf2cb7c9320c49de9c5dc') in 0.358437 seconds
  Import took 0.372179 seconds .

========================================================================
Received Import Request.
  Time since last request: 0.000982 seconds.
  path: Assets/Tree_Textures/normal_specular.png
  artifactKey: Guid(a34464183b28d4e4793ee9dee1ab9842) Importer(815301076,1909f56bfc062723c751e8b465ee728b)
Start importing Assets/Tree_Textures/normal_specular.png using Guid(a34464183b28d4e4793ee9dee1ab9842) Importer(815301076,1909f56bfc062723c751e8b465ee728b)  -> (artifact id: 'b9a5dc8ec2b1e48546d2f2a925bc978b') in 0.284905 seconds
  Import took 0.295204 seconds .

========================================================================
Received Import Request.
  Time since last request: 0.000844 seconds.
  path: Assets/Tree_Textures/translucency_gloss.png
  artifactKey: Guid(5a4de16b48c769d49b63b17fa85a2cde) Importer(815301076,1909f56bfc062723c751e8b465ee728b)
Start importing Assets/Tree_Textures/translucency_gloss.png using Guid(5a4de16b48c769d49b63b17fa85a2cde) Importer(815301076,1909f56bfc062723c751e8b465ee728b)  -> (artifact id: '4fe2636c95db896c415d428fae23edd0') in 0.082596 seconds
  Import took 0.092738 seconds .

========================================================================
Received Import Request.
  Time since last request: 0.000827 seconds.
  path: Assets/Tree_Textures/shadow.png
  artifactKey: Guid(9cfdaeae440bcd34dacdd631dcb85aa6) Importer(815301076,1909f56bfc062723c751e8b465ee728b)
Start importing Assets/Tree_Textures/shadow.png using Guid(9cfdaeae440bcd34dacdd631dcb85aa6) Importer(815301076,1909f56bfc062723c751e8b465ee728b)  -> (artifact id: '5c91aef730eb71b619487b70676836f0') in 0.385432 seconds
  Import took 0.398186 seconds .

========================================================================
Received Import Request.
  Time since last request: 211.760095 seconds.
  path: Assets/ducktective project/prefabs/projectile.prefab
  artifactKey: Guid(36ef74ed6f2bdcd4da4af12c2c96f39f) Importer(815301076,1909f56bfc062723c751e8b465ee728b)
Start importing Assets/ducktective project/prefabs/projectile.prefab using Guid(36ef74ed6f2bdcd4da4af12c2c96f39f) Importer(815301076,1909f56bfc062723c751e8b465ee728b)  -> (artifact id: '7b3202b5f784d71bb8f7b2f9c3d4146c') in 0.131685 seconds
  Import took 0.144336 seconds .

========================================================================
Received Import Request.
  Time since last request: 197.586111 seconds.
  path: Assets/ducktective project/Bullet.mat
  artifactKey: Guid(55426ccf7e7655b438c1b3275ab63807) Importer(815301076,1909f56bfc062723c751e8b465ee728b)
Start importing Assets/ducktective project/Bullet.mat using Guid(55426ccf7e7655b438c1b3275ab63807) Importer(815301076,1909f56bfc062723c751e8b465ee728b)  -> (artifact id: '22073e56ddf01b46c291deb6874027d4') in 0.036386 seconds
  Import took 0.041810 seconds .

========================================================================
Received Prepare
Registering precompiled user dll's ...
Registered in 0.001513 seconds.
Begin MonoManager ReloadAssembly
Native extension for WindowsStandalone target not found
Refreshing native plugins compatible for Editor in 0.36 ms, found 0 plugins.
Preloading 0 native plugins for Editor in 0.00 ms.
Invoked RoslynAnalysisRunner static constructor.
RoslynAnalysisRunner will not be running.
RoslynAnalysisRunner has terminated.
Mono: successfully reloaded assembly
- Completed reload, in  2.377 seconds
Platform modules already initialized, skipping
Refreshing native plugins compatible for Editor in 0.98 ms, found 0 plugins.
Preloading 0 native plugins for Editor in 0.00 ms.
Unloading 1260 Unused Serialized files (Serialized files now loaded: 0)
System memory in use before: 77.7 MB.
System memory in use after: 77.8 MB.

Unloading 6 unused Assets to reduce memory usage. Loaded Objects now: 1781.
Total: 10.442600 ms (FindLiveObjects: 0.647500 ms CreateObjectMapping: 0.208600 ms MarkObjects: 9.334600 ms  DeleteObjects: 0.243700 ms)

========================================================================
Received Prepare
Registering precompiled user dll's ...
Registered in 0.001950 seconds.
Begin MonoManager ReloadAssembly
Native extension for WindowsStandalone target not found
Refreshing native plugins compatible for Editor in 0.38 ms, found 0 plugins.
Preloading 0 native plugins for Editor in 0.00 ms.
Invoked RoslynAnalysisRunner static constructor.
RoslynAnalysisRunner will not be running.
RoslynAnalysisRunner has terminated.
Mono: successfully reloaded assembly
- Completed reload, in  2.155 seconds
Platform modules already initialized, skipping
Refreshing native plugins compatible for Editor in 0.33 ms, found 0 plugins.
Preloading 0 native plugins for Editor in 0.00 ms.
Unloading 1260 Unused Serialized files (Serialized files now loaded: 0)
System memory in use before: 77.7 MB.
System memory in use after: 77.8 MB.

Unloading 6 unused Assets to reduce memory usage. Loaded Objects now: 1784.
Total: 4.991800 ms (FindLiveObjects: 0.373600 ms CreateObjectMapping: 0.124300 ms MarkObjects: 4.336400 ms  DeleteObjects: 0.154000 ms)

========================================================================
Received Prepare
Registering precompiled user dll's ...
Registered in 0.006559 seconds.
Begin MonoManager ReloadAssembly
Native extension for WindowsStandalone target not found
Refreshing native plugins compatible for Editor in 1.61 ms, found 0 plugins.
Preloading 0 native plugins for Editor in 0.00 ms.
Invoked RoslynAnalysisRunner static constructor.
RoslynAnalysisRunner will not be running.
RoslynAnalysisRunner has terminated.
Mono: successfully reloaded assembly
- Completed reload, in  5.712 seconds
Platform modules already initialized, skipping
Refreshing native plugins compatible for Editor in 0.84 ms, found 0 plugins.
Preloading 0 native plugins for Editor in 0.00 ms.
Unloading 1260 Unused Serialized files (Serialized files now loaded: 0)
System memory in use before: 77.8 MB.
System memory in use after: 77.8 MB.

Unloading 6 unused Assets to reduce memory usage. Loaded Objects now: 1787.
Total: 8.311600 ms (FindLiveObjects: 1.172500 ms CreateObjectMapping: 0.656100 ms MarkObjects: 6.252700 ms  DeleteObjects: 0.225200 ms)

========================================================================
Received Prepare
Registering precompiled user dll's ...
Registered in 0.002047 seconds.
Begin MonoManager ReloadAssembly
Native extension for WindowsStandalone target not found
Refreshing native plugins compatible for Editor in 0.43 ms, found 0 plugins.
Preloading 0 native plugins for Editor in 0.00 ms.
Invoked RoslynAnalysisRunner static constructor.
RoslynAnalysisRunner will not be running.
RoslynAnalysisRunner has terminated.
Mono: successfully reloaded assembly
- Completed reload, in  2.240 seconds
Platform modules already initialized, skipping
Refreshing native plugins compatible for Editor in 0.44 ms, found 0 plugins.
Preloading 0 native plugins for Editor in 0.00 ms.
Unloading 1260 Unused Serialized files (Serialized files now loaded: 0)
System memory in use before: 77.8 MB.
System memory in use after: 77.8 MB.

Unloading 6 unused Assets to reduce memory usage. Loaded Objects now: 1790.
Total: 3.977800 ms (FindLiveObjects: 0.371900 ms CreateObjectMapping: 0.096700 ms MarkObjects: 3.351500 ms  DeleteObjects: 0.154800 ms)

========================================================================
Received Import Request.
  Time since last request: 1204.737988 seconds.
  path: Assets/ducktective project/prefabs/projectile.prefab
  artifactKey: Guid(36ef74ed6f2bdcd4da4af12c2c96f39f) Importer(815301076,1909f56bfc062723c751e8b465ee728b)
Start importing Assets/ducktective project/prefabs/projectile.prefab using Guid(36ef74ed6f2bdcd4da4af12c2c96f39f) Importer(815301076,1909f56bfc062723c751e8b465ee728b)  -> (artifact id: '781c9b5eca9e3b40004fe960f58d1f11') in 1.310084 seconds
  Import took 1.320775 seconds .

========================================================================
Received Import Request.
  Time since last request: 386.538952 seconds.
  path: Assets/ducktective project/prefabs/Projectile.prefab
  artifactKey: Guid(36ef74ed6f2bdcd4da4af12c2c96f39f) Importer(815301076,1909f56bfc062723c751e8b465ee728b)
Start importing Assets/ducktective project/prefabs/Projectile.prefab using Guid(36ef74ed6f2bdcd4da4af12c2c96f39f) Importer(815301076,1909f56bfc062723c751e8b465ee728b)  -> (artifact id: '2e8bc98fadf140c0c9b3d321dcea38c7') in 0.080703 seconds
  Import took 0.095816 seconds .

========================================================================
Received Import Request.
  Time since last request: 0.038097 seconds.
  path: Assets/ducktective project/prefabs/Projectile.prefab
  artifactKey: Guid(36ef74ed6f2bdcd4da4af12c2c96f39f) Importer(815301076,1909f56bfc062723c751e8b465ee728b)
Start importing Assets/ducktective project/prefabs/Projectile.prefab using Guid(36ef74ed6f2bdcd4da4af12c2c96f39f) Importer(815301076,1909f56bfc062723c751e8b465ee728b)  -> (artifact id: '2e8bc98fadf140c0c9b3d321dcea38c7') in 0.051947 seconds
  Import took 0.065098 seconds .

========================================================================
Received Prepare
Registering precompiled user dll's ...
Registered in 0.001817 seconds.
Begin MonoManager ReloadAssembly
Native extension for WindowsStandalone target not found
Refreshing native plugins compatible for Editor in 0.51 ms, found 0 plugins.
Preloading 0 native plugins for Editor in 0.00 ms.
Invoked RoslynAnalysisRunner static constructor.
RoslynAnalysisRunner will not be running.
RoslynAnalysisRunner has terminated.
Mono: successfully reloaded assembly
- Completed reload, in  2.086 seconds
Platform modules already initialized, skipping
Refreshing native plugins compatible for Editor in 0.44 ms, found 0 plugins.
Preloading 0 native plugins for Editor in 0.00 ms.
Unloading 1260 Unused Serialized files (Serialized files now loaded: 0)
System memory in use before: 77.8 MB.
System memory in use after: 77.9 MB.

Unloading 6 unused Assets to reduce memory usage. Loaded Objects now: 1794.
Total: 4.770700 ms (FindLiveObjects: 0.536800 ms CreateObjectMapping: 0.200800 ms MarkObjects: 3.870900 ms  DeleteObjects: 0.159300 ms)

========================================================================
Received Prepare
Registering precompiled user dll's ...
Registered in 0.002665 seconds.
Begin MonoManager ReloadAssembly
Native extension for WindowsStandalone target not found
Refreshing native plugins compatible for Editor in 0.39 ms, found 0 plugins.
Preloading 0 native plugins for Editor in 0.00 ms.
Invoked RoslynAnalysisRunner static constructor.
RoslynAnalysisRunner will not be running.
RoslynAnalysisRunner has terminated.
Mono: successfully reloaded assembly
- Completed reload, in  2.105 seconds
Platform modules already initialized, skipping
Refreshing native plugins compatible for Editor in 0.62 ms, found 0 plugins.
Preloading 0 native plugins for Editor in 0.00 ms.
Unloading 1260 Unused Serialized files (Serialized files now loaded: 0)
System memory in use before: 77.8 MB.
System memory in use after: 77.9 MB.

Unloading 6 unused Assets to reduce memory usage. Loaded Objects now: 1797.
Total: 3.420100 ms (FindLiveObjects: 0.283300 ms CreateObjectMapping: 0.150000 ms MarkObjects: 2.835800 ms  DeleteObjects: 0.148600 ms)

========================================================================
Received Prepare
Registering precompiled user dll's ...
Registered in 0.001071 seconds.
Begin MonoManager ReloadAssembly
Native extension for WindowsStandalone target not found
Refreshing native plugins compatible for Editor in 0.49 ms, found 0 plugins.
Preloading 0 native plugins for Editor in 0.00 ms.
Invoked RoslynAnalysisRunner static constructor.
RoslynAnalysisRunner will not be running.
RoslynAnalysisRunner has terminated.
Mono: successfully reloaded assembly
- Completed reload, in  2.110 seconds
Platform modules already initialized, skipping
Refreshing native plugins compatible for Editor in 0.39 ms, found 0 plugins.
Preloading 0 native plugins for Editor in 0.00 ms.
Unloading 1260 Unused Serialized files (Serialized files now loaded: 0)
System memory in use before: 77.8 MB.
System memory in use after: 77.9 MB.

Unloading 6 unused Assets to reduce memory usage. Loaded Objects now: 1800.
Total: 3.770200 ms (FindLiveObjects: 0.305600 ms CreateObjectMapping: 0.105300 ms MarkObjects: 3.229200 ms  DeleteObjects: 0.128000 ms)

========================================================================
Received Prepare
Registering precompiled user dll's ...
Registered in 0.002411 seconds.
Begin MonoManager ReloadAssembly
Native extension for WindowsStandalone target not found
Refreshing native plugins compatible for Editor in 0.49 ms, found 0 plugins.
Preloading 0 native plugins for Editor in 0.00 ms.
Invoked RoslynAnalysisRunner static constructor.
RoslynAnalysisRunner will not be running.
RoslynAnalysisRunner has terminated.
Mono: successfully reloaded assembly
- Completed reload, in  2.955 seconds
Platform modules already initialized, skipping
Refreshing native plugins compatible for Editor in 0.76 ms, found 0 plugins.
Preloading 0 native plugins for Editor in 0.00 ms.
Unloading 1260 Unused Serialized files (Serialized files now loaded: 0)
System memory in use before: 77.8 MB.
System memory in use after: 77.9 MB.

Unloading 6 unused Assets to reduce memory usage. Loaded Objects now: 1803.
Total: 3.357500 ms (FindLiveObjects: 0.309600 ms CreateObjectMapping: 0.082400 ms MarkObjects: 2.858300 ms  DeleteObjects: 0.105200 ms)

========================================================================
Received Prepare
Registering precompiled user dll's ...
Registered in 0.001046 seconds.
Begin MonoManager ReloadAssembly
Native extension for WindowsStandalone target not found
Refreshing native plugins compatible for Editor in 0.51 ms, found 0 plugins.
Preloading 0 native plugins for Editor in 0.00 ms.
Invoked RoslynAnalysisRunner static constructor.
RoslynAnalysisRunner will not be running.
RoslynAnalysisRunner has terminated.
Mono: successfully reloaded assembly
- Completed reload, in  1.122 seconds
Platform modules already initialized, skipping
Refreshing native plugins compatible for Editor in 0.25 ms, found 0 plugins.
Preloading 0 native plugins for Editor in 0.00 ms.
Unloading 1260 Unused Serialized files (Serialized files now loaded: 0)
System memory in use before: 77.8 MB.
System memory in use after: 77.9 MB.

Unloading 6 unused Assets to reduce memory usage. Loaded Objects now: 1806.
Total: 3.246100 ms (FindLiveObjects: 0.216900 ms CreateObjectMapping: 0.068600 ms MarkObjects: 2.849700 ms  DeleteObjects: 0.109200 ms)

========================================================================
Received Prepare
Registering precompiled user dll's ...
Registered in 0.001392 seconds.
Begin MonoManager ReloadAssembly
Native extension for WindowsStandalone target not found
Refreshing native plugins compatible for Editor in 0.60 ms, found 0 plugins.
Preloading 0 native plugins for Editor in 0.00 ms.
Invoked RoslynAnalysisRunner static constructor.
RoslynAnalysisRunner will not be running.
RoslynAnalysisRunner has terminated.
Mono: successfully reloaded assembly
- Completed reload, in  2.623 seconds
Platform modules already initialized, skipping
Refreshing native plugins compatible for Editor in 0.37 ms, found 0 plugins.
Preloading 0 native plugins for Editor in 0.00 ms.
Unloading 1260 Unused Serialized files (Serialized files now loaded: 0)
System memory in use before: 77.8 MB.
System memory in use after: 77.9 MB.

Unloading 6 unused Assets to reduce memory usage. Loaded Objects now: 1809.
Total: 3.310800 ms (FindLiveObjects: 0.370800 ms CreateObjectMapping: 0.113200 ms MarkObjects: 2.710300 ms  DeleteObjects: 0.113900 ms)

========================================================================
Received Prepare
Registering precompiled user dll's ...
Registered in 0.000944 seconds.
Begin MonoManager ReloadAssembly
Native extension for WindowsStandalone target not found
Refreshing native plugins compatible for Editor in 0.60 ms, found 0 plugins.
Preloading 0 native plugins for Editor in 0.00 ms.
Invoked RoslynAnalysisRunner static constructor.
RoslynAnalysisRunner will not be running.
RoslynAnalysisRunner has terminated.
Mono: successfully reloaded assembly
- Completed reload, in  2.395 seconds
Platform modules already initialized, skipping
Refreshing native plugins compatible for Editor in 0.28 ms, found 0 plugins.
Preloading 0 native plugins for Editor in 0.00 ms.
Unloading 1260 Unused Serialized files (Serialized files now loaded: 0)
System memory in use before: 77.8 MB.
System memory in use after: 77.9 MB.

Unloading 6 unused Assets to reduce memory usage. Loaded Objects now: 1812.
Total: 3.822000 ms (FindLiveObjects: 0.361800 ms CreateObjectMapping: 0.119500 ms MarkObjects: 3.221000 ms  DeleteObjects: 0.118600 ms)

========================================================================
Received Prepare
Registering precompiled user dll's ...
Registered in 0.001356 seconds.
Begin MonoManager ReloadAssembly
Native extension for WindowsStandalone target not found
Refreshing native plugins compatible for Editor in 0.45 ms, found 0 plugins.
Preloading 0 native plugins for Editor in 0.00 ms.
Invoked RoslynAnalysisRunner static constructor.
RoslynAnalysisRunner will not be running.
RoslynAnalysisRunner has terminated.
Mono: successfully reloaded assembly
- Completed reload, in  1.114 seconds
Platform modules already initialized, skipping
Refreshing native plugins compatible for Editor in 0.29 ms, found 0 plugins.
Preloading 0 native plugins for Editor in 0.00 ms.
Unloading 1260 Unused Serialized files (Serialized files now loaded: 0)
System memory in use before: 77.8 MB.
System memory in use after: 77.9 MB.

Unloading 6 unused Assets to reduce memory usage. Loaded Objects now: 1815.
Total: 3.541600 ms (FindLiveObjects: 0.160200 ms CreateObjectMapping: 0.057900 ms MarkObjects: 3.212700 ms  DeleteObjects: 0.109500 ms)

========================================================================
Received Prepare
Registering precompiled user dll's ...
Registered in 0.000751 seconds.
Begin MonoManager ReloadAssembly
Native extension for WindowsStandalone target not found
Refreshing native plugins compatible for Editor in 0.22 ms, found 0 plugins.
Preloading 0 native plugins for Editor in 0.00 ms.
Invoked RoslynAnalysisRunner static constructor.
RoslynAnalysisRunner will not be running.
RoslynAnalysisRunner has terminated.
Mono: successfully reloaded assembly
- Completed reload, in  1.194 seconds
Platform modules already initialized, skipping
Refreshing native plugins compatible for Editor in 0.61 ms, found 0 plugins.
Preloading 0 native plugins for Editor in 0.00 ms.
Unloading 1260 Unused Serialized files (Serialized files now loaded: 0)
System memory in use before: 77.8 MB.
System memory in use after: 77.9 MB.

Unloading 6 unused Assets to reduce memory usage. Loaded Objects now: 1818.
Total: 5.508900 ms (FindLiveObjects: 0.546200 ms CreateObjectMapping: 0.119100 ms MarkObjects: 4.682800 ms  DeleteObjects: 0.157300 ms)

========================================================================
Received Prepare
Registering precompiled user dll's ...
Registered in 0.001314 seconds.
Begin MonoManager ReloadAssembly
Native extension for WindowsStandalone target not found
Refreshing native plugins compatible for Editor in 0.52 ms, found 0 plugins.
Preloading 0 native plugins for Editor in 0.00 ms.
Invoked RoslynAnalysisRunner static constructor.
RoslynAnalysisRunner will not be running.
RoslynAnalysisRunner has terminated.
Mono: successfully reloaded assembly
- Completed reload, in  2.732 seconds
Platform modules already initialized, skipping
Refreshing native plugins compatible for Editor in 0.38 ms, found 0 plugins.
Preloading 0 native plugins for Editor in 0.00 ms.
Unloading 1260 Unused Serialized files (Serialized files now loaded: 0)
System memory in use before: 77.8 MB.
System memory in use after: 77.9 MB.

Unloading 6 unused Assets to reduce memory usage. Loaded Objects now: 1821.
Total: 2.853900 ms (FindLiveObjects: 0.261500 ms CreateObjectMapping: 0.077200 ms MarkObjects: 2.389200 ms  DeleteObjects: 0.124100 ms)

========================================================================
Received Import Request.
  Time since last request: 1949.626657 seconds.
  path: Assets/ducktective project/Scripts/Player/Bullet.cs
  artifactKey: Guid(d646e5ffeb5c27246b0a76a2e4ece98c) Importer(815301076,1909f56bfc062723c751e8b465ee728b)
Start importing Assets/ducktective project/Scripts/Player/Bullet.cs using Guid(d646e5ffeb5c27246b0a76a2e4ece98c) Importer(815301076,1909f56bfc062723c751e8b465ee728b)  -> (artifact id: '86978d6adc780ddd31bfcf26df4bd73a') in 0.010425 seconds
  Import took 0.014795 seconds .

========================================================================
Received Prepare
Registering precompiled user dll's ...
Registered in 0.001749 seconds.
Begin MonoManager ReloadAssembly
Native extension for WindowsStandalone target not found
Refreshing native plugins compatible for Editor in 0.56 ms, found 0 plugins.
Preloading 0 native plugins for Editor in 0.00 ms.
Invoked RoslynAnalysisRunner static constructor.
RoslynAnalysisRunner will not be running.
RoslynAnalysisRunner has terminated.
Mono: successfully reloaded assembly
- Completed reload, in  1.049 seconds
Platform modules already initialized, skipping
Refreshing native plugins compatible for Editor in 0.33 ms, found 0 plugins.
Preloading 0 native plugins for Editor in 0.00 ms.
Unloading 1261 Unused Serialized files (Serialized files now loaded: 0)
System memory in use before: 77.9 MB.
System memory in use after: 77.9 MB.

Unloading 6 unused Assets to reduce memory usage. Loaded Objects now: 1825.
Total: 3.000000 ms (FindLiveObjects: 0.281000 ms CreateObjectMapping: 0.072300 ms MarkObjects: 2.548200 ms  DeleteObjects: 0.096800 ms)

========================================================================
Received Prepare
Registering precompiled user dll's ...
Registered in 0.001444 seconds.
Begin MonoManager ReloadAssembly
Native extension for WindowsStandalone target not found
Refreshing native plugins compatible for Editor in 0.34 ms, found 0 plugins.
Preloading 0 native plugins for Editor in 0.00 ms.
Invoked RoslynAnalysisRunner static constructor.
RoslynAnalysisRunner will not be running.
RoslynAnalysisRunner has terminated.
Mono: successfully reloaded assembly
- Completed reload, in  1.042 seconds
Platform modules already initialized, skipping
Refreshing native plugins compatible for Editor in 0.43 ms, found 0 plugins.
Preloading 0 native plugins for Editor in 0.00 ms.
Unloading 1261 Unused Serialized files (Serialized files now loaded: 0)
System memory in use before: 77.9 MB.
System memory in use after: 78.0 MB.

Unloading 6 unused Assets to reduce memory usage. Loaded Objects now: 1828.
Total: 4.210400 ms (FindLiveObjects: 0.308800 ms CreateObjectMapping: 0.094600 ms MarkObjects: 3.635000 ms  DeleteObjects: 0.169300 ms)

========================================================================
Received Import Request.
  Time since last request: 206.862295 seconds.
  path: Assets/ducktective project/Scripts/Player/Bullet.cs
  artifactKey: Guid(d646e5ffeb5c27246b0a76a2e4ece98c) Importer(815301076,1909f56bfc062723c751e8b465ee728b)
Start importing Assets/ducktective project/Scripts/Player/Bullet.cs using Guid(d646e5ffeb5c27246b0a76a2e4ece98c) Importer(815301076,1909f56bfc062723c751e8b465ee728b)  -> (artifact id: '50dd23c3b47bd50e78edd35b201525c6') in 0.009161 seconds
  Import took 0.016266 seconds .

========================================================================
Received Prepare
Registering precompiled user dll's ...
Registered in 0.001064 seconds.
Begin MonoManager ReloadAssembly
Native extension for WindowsStandalone target not found
Refreshing native plugins compatible for Editor in 0.30 ms, found 0 plugins.
Preloading 0 native plugins for Editor in 0.00 ms.
Invoked RoslynAnalysisRunner static constructor.
RoslynAnalysisRunner will not be running.
RoslynAnalysisRunner has terminated.
Mono: successfully reloaded assembly
- Completed reload, in  1.040 seconds
Platform modules already initialized, skipping
Refreshing native plugins compatible for Editor in 0.31 ms, found 0 plugins.
Preloading 0 native plugins for Editor in 0.00 ms.
Unloading 1261 Unused Serialized files (Serialized files now loaded: 0)
System memory in use before: 77.9 MB.
System memory in use after: 77.9 MB.

Unloading 6 unused Assets to reduce memory usage. Loaded Objects now: 1831.
Total: 2.601100 ms (FindLiveObjects: 0.172000 ms CreateObjectMapping: 0.045700 ms MarkObjects: 2.212000 ms  DeleteObjects: 0.170000 ms)

========================================================================
Received Prepare
Registering precompiled user dll's ...
Registered in 0.002034 seconds.
Begin MonoManager ReloadAssembly
Native extension for WindowsStandalone target not found
Refreshing native plugins compatible for Editor in 0.49 ms, found 0 plugins.
Preloading 0 native plugins for Editor in 0.00 ms.
Invoked RoslynAnalysisRunner static constructor.
RoslynAnalysisRunner will not be running.
RoslynAnalysisRunner has terminated.
Mono: successfully reloaded assembly
- Completed reload, in  4.206 seconds
Platform modules already initialized, skipping
Refreshing native plugins compatible for Editor in 1.19 ms, found 0 plugins.
Preloading 0 native plugins for Editor in 0.00 ms.
Unloading 1261 Unused Serialized files (Serialized files now loaded: 0)
System memory in use before: 77.9 MB.
System memory in use after: 78.0 MB.

Unloading 6 unused Assets to reduce memory usage. Loaded Objects now: 1834.
Total: 7.804400 ms (FindLiveObjects: 0.421600 ms CreateObjectMapping: 0.219000 ms MarkObjects: 6.946800 ms  DeleteObjects: 0.213300 ms)

========================================================================
Received Import Request.
  Time since last request: 243.372215 seconds.
  path: Assets/ducktective project/prefabs/Projectile.prefab
  artifactKey: Guid(36ef74ed6f2bdcd4da4af12c2c96f39f) Importer(815301076,1909f56bfc062723c751e8b465ee728b)
Start importing Assets/ducktective project/prefabs/Projectile.prefab using Guid(36ef74ed6f2bdcd4da4af12c2c96f39f) Importer(815301076,1909f56bfc062723c751e8b465ee728b)  -> (artifact id: '7f6712b19bff02a4a29a45ad4ec1958e') in 1.094672 seconds
  Import took 1.098728 seconds .

========================================================================
Received Prepare
Registering precompiled user dll's ...
Registered in 0.001381 seconds.
Begin MonoManager ReloadAssembly
Native extension for WindowsStandalone target not found
Refreshing native plugins compatible for Editor in 0.55 ms, found 0 plugins.
Preloading 0 native plugins for Editor in 0.00 ms.
Invoked RoslynAnalysisRunner static constructor.
RoslynAnalysisRunner will not be running.
RoslynAnalysisRunner has terminated.
Mono: successfully reloaded assembly
- Completed reload, in  3.652 seconds
Platform modules already initialized, skipping
Refreshing native plugins compatible for Editor in 0.56 ms, found 0 plugins.
Preloading 0 native plugins for Editor in 0.00 ms.
Unloading 1261 Unused Serialized files (Serialized files now loaded: 0)
System memory in use before: 77.9 MB.
System memory in use after: 78.0 MB.

Unloading 6 unused Assets to reduce memory usage. Loaded Objects now: 1838.
Total: 6.524200 ms (FindLiveObjects: 0.411300 ms CreateObjectMapping: 0.366900 ms MarkObjects: 5.599900 ms  DeleteObjects: 0.143100 ms)

========================================================================
Received Prepare
Registering precompiled user dll's ...
Registered in 0.000818 seconds.
Begin MonoManager ReloadAssembly
Native extension for WindowsStandalone target not found
Refreshing native plugins compatible for Editor in 0.26 ms, found 0 plugins.
Preloading 0 native plugins for Editor in 0.00 ms.
Invoked RoslynAnalysisRunner static constructor.
RoslynAnalysisRunner will not be running.
RoslynAnalysisRunner has terminated.
Mono: successfully reloaded assembly
- Completed reload, in  0.988 seconds
Platform modules already initialized, skipping
Refreshing native plugins compatible for Editor in 0.27 ms, found 0 plugins.
Preloading 0 native plugins for Editor in 0.00 ms.
Unloading 1261 Unused Serialized files (Serialized files now loaded: 0)
System memory in use before: 77.9 MB.
System memory in use after: 78.0 MB.

Unloading 6 unused Assets to reduce memory usage. Loaded Objects now: 1841.
Total: 3.136200 ms (FindLiveObjects: 0.311700 ms CreateObjectMapping: 0.084100 ms MarkObjects: 2.599500 ms  DeleteObjects: 0.139400 ms)

========================================================================
Received Import Request.
  Time since last request: 302.774027 seconds.
  path: Assets/ducktective project/prefabs/Projectile.prefab
  artifactKey: Guid(36ef74ed6f2bdcd4da4af12c2c96f39f) Importer(815301076,1909f56bfc062723c751e8b465ee728b)
Start importing Assets/ducktective project/prefabs/Projectile.prefab using Guid(36ef74ed6f2bdcd4da4af12c2c96f39f) Importer(815301076,1909f56bfc062723c751e8b465ee728b)  -> (artifact id: 'e9df78583a031e921c3c473ee65440a6') in 1.116058 seconds
  Import took 1.122736 seconds .

========================================================================
Received Prepare
Registering precompiled user dll's ...
Registered in 0.001286 seconds.
Begin MonoManager ReloadAssembly
Native extension for WindowsStandalone target not found
Refreshing native plugins compatible for Editor in 0.24 ms, found 0 plugins.
Preloading 0 native plugins for Editor in 0.00 ms.
Invoked RoslynAnalysisRunner static constructor.
RoslynAnalysisRunner will not be running.
RoslynAnalysisRunner has terminated.
Mono: successfully reloaded assembly
- Completed reload, in  1.222 seconds
Platform modules already initialized, skipping
Refreshing native plugins compatible for Editor in 0.36 ms, found 0 plugins.
Preloading 0 native plugins for Editor in 0.00 ms.
Unloading 1261 Unused Serialized files (Serialized files now loaded: 0)
System memory in use before: 77.9 MB.
System memory in use after: 78.0 MB.

Unloading 6 unused Assets to reduce memory usage. Loaded Objects now: 1845.
Total: 3.687100 ms (FindLiveObjects: 0.360500 ms CreateObjectMapping: 0.099900 ms MarkObjects: 3.131100 ms  DeleteObjects: 0.093000 ms)

========================================================================
Received Import Request.
  Time since last request: 32.392792 seconds.
  path: Assets/ducktective project/prefabs/Projectile.prefab
  artifactKey: Guid(36ef74ed6f2bdcd4da4af12c2c96f39f) Importer(815301076,1909f56bfc062723c751e8b465ee728b)
Start importing Assets/ducktective project/prefabs/Projectile.prefab using Guid(36ef74ed6f2bdcd4da4af12c2c96f39f) Importer(815301076,1909f56bfc062723c751e8b465ee728b)  -> (artifact id: 'f4d26394b56775f957fa8fc11fa57094') in 8.217834 seconds
  Import took 8.221085 seconds .

========================================================================
Received Import Request.
  Time since last request: 1.903206 seconds.
  path: Assets/ducktective project/prefabs/Projectile.prefab
  artifactKey: Guid(36ef74ed6f2bdcd4da4af12c2c96f39f) Importer(815301076,1909f56bfc062723c751e8b465ee728b)
Start importing Assets/ducktective project/prefabs/Projectile.prefab using Guid(36ef74ed6f2bdcd4da4af12c2c96f39f) Importer(815301076,1909f56bfc062723c751e8b465ee728b)  -> (artifact id: 'f4d26394b56775f957fa8fc11fa57094') in 0.018699 seconds
  Import took 0.022257 seconds .

========================================================================
Received Prepare
Registering precompiled user dll's ...
Registered in 0.000793 seconds.
Begin MonoManager ReloadAssembly
Native extension for WindowsStandalone target not found
Refreshing native plugins compatible for Editor in 0.26 ms, found 0 plugins.
Preloading 0 native plugins for Editor in 0.00 ms.
Invoked RoslynAnalysisRunner static constructor.
RoslynAnalysisRunner will not be running.
RoslynAnalysisRunner has terminated.
Mono: successfully reloaded assembly
- Completed reload, in  1.216 seconds
Platform modules already initialized, skipping
Refreshing native plugins compatible for Editor in 0.22 ms, found 0 plugins.
Preloading 0 native plugins for Editor in 0.00 ms.
Unloading 1261 Unused Serialized files (Serialized files now loaded: 0)
System memory in use before: 77.9 MB.
System memory in use after: 78.0 MB.

Unloading 6 unused Assets to reduce memory usage. Loaded Objects now: 1849.
Total: 3.051600 ms (FindLiveObjects: 0.374000 ms CreateObjectMapping: 0.122700 ms MarkObjects: 2.449100 ms  DeleteObjects: 0.103400 ms)

========================================================================
Received Prepare
Registering precompiled user dll's ...
Registered in 0.001059 seconds.
Begin MonoManager ReloadAssembly
Native extension for WindowsStandalone target not found
Refreshing native plugins compatible for Editor in 0.34 ms, found 0 plugins.
Preloading 0 native plugins for Editor in 0.00 ms.
Invoked RoslynAnalysisRunner static constructor.
RoslynAnalysisRunner will not be running.
RoslynAnalysisRunner has terminated.
Mono: successfully reloaded assembly
- Completed reload, in  1.501 seconds
Platform modules already initialized, skipping
Refreshing native plugins compatible for Editor in 0.34 ms, found 0 plugins.
Preloading 0 native plugins for Editor in 0.00 ms.
Unloading 1261 Unused Serialized files (Serialized files now loaded: 0)
System memory in use before: 77.9 MB.
System memory in use after: 78.0 MB.

Unloading 6 unused Assets to reduce memory usage. Loaded Objects now: 1852.
Total: 4.433600 ms (FindLiveObjects: 0.438300 ms CreateObjectMapping: 0.126300 ms MarkObjects: 3.752900 ms  DeleteObjects: 0.113000 ms)

========================================================================
Received Import Request.
  Time since last request: 358.919125 seconds.
  path: Assets/ducktective project/prefabs/Projectile.prefab
  artifactKey: Guid(36ef74ed6f2bdcd4da4af12c2c96f39f) Importer(815301076,1909f56bfc062723c751e8b465ee728b)
Start importing Assets/ducktective project/prefabs/Projectile.prefab using Guid(36ef74ed6f2bdcd4da4af12c2c96f39f) Importer(815301076,1909f56bfc062723c751e8b465ee728b)  -> (artifact id: '53d73a454823391d845acc878c5c20f7') in 8.245376 seconds
  Import took 8.250074 seconds .

========================================================================
Received Prepare
Registering precompiled user dll's ...
Registered in 0.001504 seconds.
Begin MonoManager ReloadAssembly
Native extension for WindowsStandalone target not found
Refreshing native plugins compatible for Editor in 0.29 ms, found 0 plugins.
Preloading 0 native plugins for Editor in 0.00 ms.
Invoked RoslynAnalysisRunner static constructor.
RoslynAnalysisRunner will not be running.
RoslynAnalysisRunner has terminated.
Mono: successfully reloaded assembly
- Completed reload, in  1.082 seconds
Platform modules already initialized, skipping
Refreshing native plugins compatible for Editor in 0.25 ms, found 0 plugins.
Preloading 0 native plugins for Editor in 0.00 ms.
Unloading 1261 Unused Serialized files (Serialized files now loaded: 0)
System memory in use before: 77.9 MB.
System memory in use after: 78.0 MB.

Unloading 6 unused Assets to reduce memory usage. Loaded Objects now: 1856.
Total: 3.507700 ms (FindLiveObjects: 0.219600 ms CreateObjectMapping: 0.090300 ms MarkObjects: 3.095500 ms  DeleteObjects: 0.100600 ms)

========================================================================
Received Prepare
Registering precompiled user dll's ...
Registered in 0.001696 seconds.
Begin MonoManager ReloadAssembly
Native extension for WindowsStandalone target not found
Refreshing native plugins compatible for Editor in 0.52 ms, found 0 plugins.
Preloading 0 native plugins for Editor in 0.00 ms.
Invoked RoslynAnalysisRunner static constructor.
RoslynAnalysisRunner will not be running.
RoslynAnalysisRunner has terminated.
Mono: successfully reloaded assembly
- Completed reload, in  1.366 seconds
Platform modules already initialized, skipping
Refreshing native plugins compatible for Editor in 0.32 ms, found 0 plugins.
Preloading 0 native plugins for Editor in 0.00 ms.
Unloading 1261 Unused Serialized files (Serialized files now loaded: 0)
System memory in use before: 77.9 MB.
System memory in use after: 78.0 MB.

Unloading 6 unused Assets to reduce memory usage. Loaded Objects now: 1859.
Total: 3.656300 ms (FindLiveObjects: 0.371500 ms CreateObjectMapping: 0.155200 ms MarkObjects: 3.027500 ms  DeleteObjects: 0.100700 ms)

========================================================================
Received Prepare
Registering precompiled user dll's ...
Registered in 0.001039 seconds.
Begin MonoManager ReloadAssembly
Native extension for WindowsStandalone target not found
Refreshing native plugins compatible for Editor in 0.25 ms, found 0 plugins.
Preloading 0 native plugins for Editor in 0.00 ms.
Invoked RoslynAnalysisRunner static constructor.
RoslynAnalysisRunner will not be running.
RoslynAnalysisRunner has terminated.
Mono: successfully reloaded assembly
- Completed reload, in  1.101 seconds
Platform modules already initialized, skipping
Refreshing native plugins compatible for Editor in 0.25 ms, found 0 plugins.
Preloading 0 native plugins for Editor in 0.00 ms.
Unloading 1261 Unused Serialized files (Serialized files now loaded: 0)
System memory in use before: 77.9 MB.
System memory in use after: 78.0 MB.

Unloading 6 unused Assets to reduce memory usage. Loaded Objects now: 1862.
Total: 2.935100 ms (FindLiveObjects: 0.192000 ms CreateObjectMapping: 0.065200 ms MarkObjects: 2.573700 ms  DeleteObjects: 0.102600 ms)

========================================================================
Received Prepare
Registering precompiled user dll's ...
Registered in 0.001026 seconds.
Begin MonoManager ReloadAssembly
Native extension for WindowsStandalone target not found
Refreshing native plugins compatible for Editor in 0.32 ms, found 0 plugins.
Preloading 0 native plugins for Editor in 0.00 ms.
Invoked RoslynAnalysisRunner static constructor.
RoslynAnalysisRunner will not be running.
RoslynAnalysisRunner has terminated.
Mono: successfully reloaded assembly
- Completed reload, in  1.352 seconds
Platform modules already initialized, skipping
Refreshing native plugins compatible for Editor in 0.30 ms, found 0 plugins.
Preloading 0 native plugins for Editor in 0.00 ms.
Unloading 1261 Unused Serialized files (Serialized files now loaded: 0)
System memory in use before: 78.0 MB.
System memory in use after: 78.0 MB.

Unloading 6 unused Assets to reduce memory usage. Loaded Objects now: 1865.
Total: 3.456000 ms (FindLiveObjects: 0.259500 ms CreateObjectMapping: 0.053600 ms MarkObjects: 3.028800 ms  DeleteObjects: 0.112200 ms)

========================================================================
Received Import Request.
  Time since last request: 586.956635 seconds.
  path: Assets/ducktective project/prefabs/Projectile.prefab
  artifactKey: Guid(36ef74ed6f2bdcd4da4af12c2c96f39f) Importer(815301076,1909f56bfc062723c751e8b465ee728b)
Start importing Assets/ducktective project/prefabs/Projectile.prefab using Guid(36ef74ed6f2bdcd4da4af12c2c96f39f) Importer(815301076,1909f56bfc062723c751e8b465ee728b)  -> (artifact id: 'd842d5b058424acfb63be4394e85db11') in 4.166310 seconds
  Import took 4.170543 seconds .

========================================================================
Received Import Request.
  Time since last request: 0.362411 seconds.
  path: Assets/ducktective project/prefabs/Projectile.prefab
  artifactKey: Guid(36ef74ed6f2bdcd4da4af12c2c96f39f) Importer(815301076,1909f56bfc062723c751e8b465ee728b)
Start importing Assets/ducktective project/prefabs/Projectile.prefab using Guid(36ef74ed6f2bdcd4da4af12c2c96f39f) Importer(815301076,1909f56bfc062723c751e8b465ee728b)  -> (artifact id: 'd842d5b058424acfb63be4394e85db11') in 0.017874 seconds
  Import took 0.021637 seconds .

========================================================================
Received Prepare
Registering precompiled user dll's ...
Registered in 0.001079 seconds.
Begin MonoManager ReloadAssembly
Native extension for WindowsStandalone target not found
Refreshing native plugins compatible for Editor in 0.32 ms, found 0 plugins.
Preloading 0 native plugins for Editor in 0.00 ms.
Invoked RoslynAnalysisRunner static constructor.
RoslynAnalysisRunner will not be running.
RoslynAnalysisRunner has terminated.
Mono: successfully reloaded assembly
- Completed reload, in  1.323 seconds
Platform modules already initialized, skipping
Refreshing native plugins compatible for Editor in 2.30 ms, found 0 plugins.
Preloading 0 native plugins for Editor in 0.00 ms.
Unloading 1261 Unused Serialized files (Serialized files now loaded: 0)
System memory in use before: 78.0 MB.
System memory in use after: 78.0 MB.

Unloading 6 unused Assets to reduce memory usage. Loaded Objects now: 1869.
Total: 3.946400 ms (FindLiveObjects: 0.454900 ms CreateObjectMapping: 0.147900 ms MarkObjects: 3.222500 ms  DeleteObjects: 0.119000 ms)

========================================================================
Received Prepare
Registering precompiled user dll's ...
Registered in 0.001055 seconds.
Begin MonoManager ReloadAssembly
Native extension for WindowsStandalone target not found
Refreshing native plugins compatible for Editor in 0.37 ms, found 0 plugins.
Preloading 0 native plugins for Editor in 0.00 ms.
Invoked RoslynAnalysisRunner static constructor.
RoslynAnalysisRunner will not be running.
RoslynAnalysisRunner has terminated.
Mono: successfully reloaded assembly
- Completed reload, in  1.772 seconds
Platform modules already initialized, skipping
Refreshing native plugins compatible for Editor in 0.29 ms, found 0 plugins.
Preloading 0 native plugins for Editor in 0.00 ms.
Unloading 1261 Unused Serialized files (Serialized files now loaded: 0)
System memory in use before: 78.0 MB.
System memory in use after: 78.0 MB.

Unloading 6 unused Assets to reduce memory usage. Loaded Objects now: 1872.
Total: 2.556200 ms (FindLiveObjects: 0.303000 ms CreateObjectMapping: 0.083700 ms MarkObjects: 2.079600 ms  DeleteObjects: 0.086900 ms)

========================================================================
Received Prepare
Registering precompiled user dll's ...
Registered in 0.005378 seconds.
Begin MonoManager ReloadAssembly
Native extension for WindowsStandalone target not found
Refreshing native plugins compatible for Editor in 0.95 ms, found 0 plugins.
Preloading 0 native plugins for Editor in 0.00 ms.
Invoked RoslynAnalysisRunner static constructor.
RoslynAnalysisRunner will not be running.
RoslynAnalysisRunner has terminated.
Mono: successfully reloaded assembly
- Completed reload, in  4.824 seconds
Platform modules already initialized, skipping
Refreshing native plugins compatible for Editor in 0.61 ms, found 0 plugins.
Preloading 0 native plugins for Editor in 0.00 ms.
Unloading 1261 Unused Serialized files (Serialized files now loaded: 0)
System memory in use before: 78.0 MB.
System memory in use after: 78.0 MB.

Unloading 6 unused Assets to reduce memory usage. Loaded Objects now: 1875.
Total: 7.995900 ms (FindLiveObjects: 0.526500 ms CreateObjectMapping: 0.130700 ms MarkObjects: 7.148500 ms  DeleteObjects: 0.185500 ms)

========================================================================
Received Prepare
Registering precompiled user dll's ...
Registered in 0.001133 seconds.
Begin MonoManager ReloadAssembly
Native extension for WindowsStandalone target not found
Refreshing native plugins compatible for Editor in 0.29 ms, found 0 plugins.
Preloading 0 native plugins for Editor in 0.00 ms.
Invoked RoslynAnalysisRunner static constructor.
RoslynAnalysisRunner will not be running.
RoslynAnalysisRunner has terminated.
Mono: successfully reloaded assembly
- Completed reload, in  1.330 seconds
Platform modules already initialized, skipping
Refreshing native plugins compatible for Editor in 0.29 ms, found 0 plugins.
Preloading 0 native plugins for Editor in 0.00 ms.
Unloading 1261 Unused Serialized files (Serialized files now loaded: 0)
System memory in use before: 78.0 MB.
System memory in use after: 78.0 MB.

Unloading 6 unused Assets to reduce memory usage. Loaded Objects now: 1878.
Total: 3.813900 ms (FindLiveObjects: 0.308800 ms CreateObjectMapping: 0.199700 ms MarkObjects: 2.944500 ms  DeleteObjects: 0.358500 ms)

========================================================================
Received Prepare
Registering precompiled user dll's ...
Registered in 0.005490 seconds.
Begin MonoManager ReloadAssembly
Native extension for WindowsStandalone target not found
Refreshing native plugins compatible for Editor in 0.29 ms, found 0 plugins.
Preloading 0 native plugins for Editor in 0.00 ms.
Invoked RoslynAnalysisRunner static constructor.
RoslynAnalysisRunner will not be running.
RoslynAnalysisRunner has terminated.
Mono: successfully reloaded assembly
- Completed reload, in  2.395 seconds
Platform modules already initialized, skipping
Refreshing native plugins compatible for Editor in 0.27 ms, found 0 plugins.
Preloading 0 native plugins for Editor in 0.00 ms.
Unloading 1261 Unused Serialized files (Serialized files now loaded: 0)
System memory in use before: 78.0 MB.
System memory in use after: 78.1 MB.

Unloading 6 unused Assets to reduce memory usage. Loaded Objects now: 1881.
Total: 7.747700 ms (FindLiveObjects: 0.692500 ms CreateObjectMapping: 0.342100 ms MarkObjects: 6.430300 ms  DeleteObjects: 0.274100 ms)

========================================================================
Received Prepare
Registering precompiled user dll's ...
Registered in 0.000915 seconds.
Begin MonoManager ReloadAssembly
Native extension for WindowsStandalone target not found
Refreshing native plugins compatible for Editor in 0.46 ms, found 0 plugins.
Preloading 0 native plugins for Editor in 0.00 ms.
Invoked RoslynAnalysisRunner static constructor.
RoslynAnalysisRunner will not be running.
RoslynAnalysisRunner has terminated.
Mono: successfully reloaded assembly
- Completed reload, in  1.214 seconds
Platform modules already initialized, skipping
Refreshing native plugins compatible for Editor in 0.38 ms, found 0 plugins.
Preloading 0 native plugins for Editor in 0.00 ms.
Unloading 1261 Unused Serialized files (Serialized files now loaded: 0)
System memory in use before: 78.0 MB.
System memory in use after: 78.1 MB.

Unloading 6 unused Assets to reduce memory usage. Loaded Objects now: 1884.
Total: 2.218100 ms (FindLiveObjects: 0.295300 ms CreateObjectMapping: 0.048300 ms MarkObjects: 1.749700 ms  DeleteObjects: 0.123600 ms)

========================================================================
Received Import Request.
  Time since last request: 783.494100 seconds.
  path: Assets/ducktective project/prefabs/Projectile.prefab
  artifactKey: Guid(36ef74ed6f2bdcd4da4af12c2c96f39f) Importer(815301076,1909f56bfc062723c751e8b465ee728b)
Start importing Assets/ducktective project/prefabs/Projectile.prefab using Guid(36ef74ed6f2bdcd4da4af12c2c96f39f) Importer(815301076,1909f56bfc062723c751e8b465ee728b)  -> (artifact id: '0ccc0fe5160ec603d80f07a41e180d60') in 8.310005 seconds
  Import took 8.316369 seconds .

========================================================================
Received Prepare
Registering precompiled user dll's ...
Registered in 0.000796 seconds.
Begin MonoManager ReloadAssembly
Native extension for WindowsStandalone target not found
Refreshing native plugins compatible for Editor in 0.33 ms, found 0 plugins.
Preloading 0 native plugins for Editor in 0.00 ms.
Invoked RoslynAnalysisRunner static constructor.
RoslynAnalysisRunner will not be running.
RoslynAnalysisRunner has terminated.
Mono: successfully reloaded assembly
- Completed reload, in  1.244 seconds
Platform modules already initialized, skipping
Refreshing native plugins compatible for Editor in 0.42 ms, found 0 plugins.
Preloading 0 native plugins for Editor in 0.00 ms.
Unloading 1261 Unused Serialized files (Serialized files now loaded: 0)
System memory in use before: 78.0 MB.
System memory in use after: 78.1 MB.

Unloading 6 unused Assets to reduce memory usage. Loaded Objects now: 1888.
Total: 4.499000 ms (FindLiveObjects: 0.750600 ms CreateObjectMapping: 0.257400 ms MarkObjects: 3.361300 ms  DeleteObjects: 0.126200 ms)

========================================================================
Received Prepare
Registering precompiled user dll's ...
Registered in 0.000855 seconds.
Begin MonoManager ReloadAssembly
Native extension for WindowsStandalone target not found
Refreshing native plugins compatible for Editor in 0.50 ms, found 0 plugins.
Preloading 0 native plugins for Editor in 0.00 ms.
Invoked RoslynAnalysisRunner static constructor.
RoslynAnalysisRunner will not be running.
RoslynAnalysisRunner has terminated.
Mono: successfully reloaded assembly
- Completed reload, in  1.648 seconds
Platform modules already initialized, skipping
Refreshing native plugins compatible for Editor in 0.26 ms, found 0 plugins.
Preloading 0 native plugins for Editor in 0.00 ms.
Unloading 1261 Unused Serialized files (Serialized files now loaded: 0)
System memory in use before: 78.0 MB.
System memory in use after: 78.1 MB.

Unloading 6 unused Assets to reduce memory usage. Loaded Objects now: 1891.
Total: 3.404500 ms (FindLiveObjects: 0.418200 ms CreateObjectMapping: 0.131200 ms MarkObjects: 2.702400 ms  DeleteObjects: 0.150700 ms)

========================================================================
Received Prepare
Registering precompiled user dll's ...
Registered in 0.000898 seconds.
Begin MonoManager ReloadAssembly
Native extension for WindowsStandalone target not found
Refreshing native plugins compatible for Editor in 0.53 ms, found 0 plugins.
Preloading 0 native plugins for Editor in 0.00 ms.
Invoked RoslynAnalysisRunner static constructor.
RoslynAnalysisRunner will not be running.
RoslynAnalysisRunner has terminated.
Mono: successfully reloaded assembly
- Completed reload, in  1.194 seconds
Platform modules already initialized, skipping
Refreshing native plugins compatible for Editor in 0.26 ms, found 0 plugins.
Preloading 0 native plugins for Editor in 0.00 ms.
Unloading 1261 Unused Serialized files (Serialized files now loaded: 0)
System memory in use before: 78.0 MB.
System memory in use after: 78.1 MB.

Unloading 6 unused Assets to reduce memory usage. Loaded Objects now: 1894.
Total: 3.500200 ms (FindLiveObjects: 0.370400 ms CreateObjectMapping: 0.096800 ms MarkObjects: 2.907100 ms  DeleteObjects: 0.124500 ms)

AssetImportWorkerClient::OnTransportError - code=2 error=End of file
